2/16/2014 4:27:26 PM ==> Form:Login.aspx,Method: btnSign_Click, Login Type Administrator and  Login User   admin
2/16/2014 4:27:29 PM ==> Form:Homepage.aspx,Method:Page_Load,  userid  admin
2/16/2014 4:27:50 PM ==> Form:claimsheet.aspx,Class:DBOperation_LETEST.cs,Method:cmdrpt_Click  claimsheet Report  Viewed  useried admin
2/16/2014 4:28:20 PM ==> Form:claimsheet.aspx,Class:DBOperation_LETEST.cs,Method:cmdrpt_Click  claimsheet Report  Viewed  useried admin
2/16/2014 4:28:26 PM ==> Form:Homepage.aspx,Method:Page_Load,  userid  admin
2/16/2014 4:28:58 PM ==> Form:Homepage.aspx,Method:Page_Load,  userid  admin
2/16/2014 4:29:13 PM ==> Form:Homepage.aspx,Method:Page_Load,  userid  admin
2/16/2014 4:29:45 PM ==> Form:SSRWiseSalesFigure.aspx,Method : btnview_Click, userid admin
2/16/2014 4:29:57 PM ==> Form:Homepage.aspx,Method:Page_Load,  userid  admin
2/16/2014 4:35:34 PM ==> Form:Login.aspx,Method: btnSign_Click, Login Type Administrator and  Login User   admin
2/16/2014 4:35:35 PM ==> Form:Homepage.aspx,Method:Page_Load,  userid  admin
2/16/2014 4:43:52 PM ==> Form:Homepage.aspx,Method:Page_Load,  userid  admin
2/16/2014 4:45:07 PM ==> Form:Homepage.aspx,Method:Page_Load,  userid  admin
2/16/2014 4:45:09 PM ==> Form:Homepage.aspx,Method:Page_Load,  userid  admin
2/16/2014 4:45:10 PM ==> Form:Homepage.aspx,Method:Page_Load,  userid  admin
2/16/2014 4:45:10 PM ==> Form:Homepage.aspx,Method:Page_Load,  userid  admin
2/16/2014 4:45:10 PM ==> Form:Homepage.aspx,Method:Page_Load,  userid  admin
2/16/2014 4:45:10 PM ==> Form:Homepage.aspx,Method:Page_Load,  userid  admin
2/16/2014 4:45:10 PM ==> Form:Homepage.aspx,Method:Page_Load,  userid  admin
2/16/2014 4:45:10 PM ==> Form:Homepage.aspx,Method:Page_Load,  userid  admin
2/16/2014 4:45:10 PM ==> Form:Homepage.aspx,Method:Page_Load,  userid  admin
2/16/2014 4:45:10 PM ==> Form:Homepage.aspx,Method:Page_Load,  userid  admin
2/16/2014 4:45:11 PM ==> Form:Homepage.aspx,Method:Page_Load,  userid  admin
2/16/2014 4:45:11 PM ==> Form:Homepage.aspx,Method:Page_Load,  userid  admin
2/16/2014 4:45:11 PM ==> Form:Homepage.aspx,Method:Page_Load,  userid  admin
2/16/2014 4:45:12 PM ==> Form:Homepage.aspx,Method:Page_Load,  userid  admin
2/16/2014 4:45:12 PM ==> Form:Homepage.aspx,Method:Page_Load,  userid  admin
2/16/2014 4:45:12 PM ==> Form:Homepage.aspx,Method:Page_Load,  userid  admin
2/16/2014 4:45:12 PM ==> Form:Homepage.aspx,Method:Page_Load,  userid  admin
2/16/2014 4:46:42 PM ==> Form:Homepage.aspx,Method:Page_Load,  userid  admin
2/16/2014 4:49:31 PM ==> Form:Login.aspx,Method: btnSign_Click, Login Type Administrator and  Login User   admin
2/16/2014 4:49:38 PM ==> Form:Login.aspx,Method: btnSign_Click, Login Type Administrator and  Login User   admin
2/16/2014 4:49:40 PM ==> Form:Homepage.aspx,Method:Page_Load,  userid  admin
2/16/2014 4:52:10 PM ==> Form:Homepage.aspx,Method:Page_Load,  userid  admin
2/16/2014 4:54:57 PM ==> Form:Login.aspx,Method: btnSign_Click, Login Type Administrator and  Login User   admin
2/16/2014 4:54:58 PM ==> Form:Homepage.aspx,Method:Page_Load,  userid  admin
2/16/2014 4:57:03 PM ==> Form:Login.aspx,Method: btnSign_Click, Login Type Administrator and  Login User   admin
2/16/2014 4:57:04 PM ==> Form:Homepage.aspx,Method:Page_Load,  userid  admin
2/16/2014 5:02:33 PM ==> Form:Homepage.aspx,Method:Page_Load,  userid  admin
2/16/2014 5:05:41 PM ==> Form:Login.aspx,Method: btnSign_Click, Login Type Administrator and  Login User   admin
2/16/2014 5:05:42 PM ==> Form:Homepage.aspx,Method:Page_Load,  userid  admin
2/16/2014 5:06:56 PM ==> Form:Login.aspx,Method: btnSign_Click, Login Type Administrator and  Login User   admin
2/16/2014 5:06:58 PM ==> Form:Homepage.aspx,Method:Page_Load,  userid  admin
2/16/2014 5:08:17 PM ==> Form:Homepage.aspx,Method:Page_Load,  userid  admin
2/16/2014 5:13:07 PM ==> Form:Login.aspx,Method: btnSign_Click, Login Type Administrator and  Login User   admin
2/16/2014 5:13:09 PM ==> Form:Homepage.aspx,Method:Page_Load,  userid  admin
2/16/2014 5:28:51 PM ==> Form:Homepage.aspx,Method:Page_Load,  userid  admin
2/16/2014 5:30:22 PM ==> Form:ProductWiseSales.aspx,Method:cmdrpt_Click
2/16/2014 5:30:57 PM ==> Form:Login.aspx,Method: btnSign_Click, Login Type Administrator and  Login User   admin
2/16/2014 5:30:59 PM ==> Form:Homepage.aspx,Method:Page_Load,  userid  admin
2/16/2014 5:32:05 PM ==> Form:SaleBook.aspx,Method:btnShow_Click  Sale Book Report   Viewed   userid  admin
2/16/2014 5:33:37 PM ==> Form:Homepage.aspx,Method:Page_Load,  userid  admin
2/16/2014 5:36:25 PM ==> Form:Homepage.aspx,Method:Page_Load,  userid  admin
2/16/2014 5:38:13 PM ==> Form:SaleBook.aspx,Method:btnShow_Click  Sale Book Report   Viewed   EXCEPTION  Incorrect syntax near ')'.  userid  admin
2/16/2014 5:39:14 PM ==> Form:SaleBook.aspx,Method:btnShow_Click  Sale Book Report   Viewed   userid  admin
2/16/2014 5:39:29 PM ==> Form:SaleBook.aspx,Method:btnShow_Click  Sale Book Report   Viewed   EXCEPTION  Incorrect syntax near ')'.  userid  admin
2/16/2014 5:40:50 PM ==> Form:SaleBook.aspx,Method:btnShow_Click  Sale Book Report   Viewed   EXCEPTION  Incorrect syntax near ')'.  userid  admin
2/16/2014 5:41:23 PM ==> Form:Login.aspx,Method: btnSign_Click, Login Type Administrator and  Login User   admin
2/16/2014 5:41:25 PM ==> Form:Homepage.aspx,Method:Page_Load,  userid  admin
2/16/2014 5:43:43 PM ==> Form:SaleBook.aspx,Method:btnShow_Click  Sale Book Report   Viewed   EXCEPTION  Incorrect syntax near ')'.  userid  admin
2/16/2014 5:45:46 PM ==> Form:Login.aspx,Method: btnSign_Click, Login Type Administrator and  Login User   admin
2/16/2014 5:45:48 PM ==> Form:Homepage.aspx,Method:Page_Load,  userid  admin
2/16/2014 5:47:36 PM ==> Form:SaleBook.aspx,Method:btnShow_Click  Sale Book Report   Viewed   EXCEPTION  Conversion failed when converting the varchar value 'Gagan Agarwal' to data type int.  userid  admin
2/16/2014 5:48:35 PM ==> Form:Login.aspx,Method: btnSign_Click, Login Type Administrator and  Login User   admin
2/16/2014 5:48:37 PM ==> Form:Homepage.aspx,Method:Page_Load,  userid  admin
2/16/2014 5:49:48 PM ==> Form:SaleBook.aspx,Method:btnShow_Click  Sale Book Report   Viewed   userid  admin
2/16/2014 5:50:58 PM ==> Form:SaleBook.aspx,Method:btnShow_Click  Sale Book Report   Viewed   userid  admin
2/16/2014 5:56:23 PM ==> Form:Login.aspx,Method: btnSign_Click, Login Type Administrator and  Login User   admin
2/16/2014 5:56:25 PM ==> Form:Homepage.aspx,Method:Page_Load,  userid  admin
2/16/2014 5:57:29 PM ==> Form:SaleBook.aspx,Method:btnShow_Click  Sale Book Report   Viewed   userid  admin
2/16/2014 5:57:37 PM ==> Form:SaleBook.aspx,Class:PetrolPumpClass.cs,Method:btnExcel_Click   SaleBook Report Convert Into Excel Format, userid  admin
2/16/2014 6:00:08 PM ==> Form:Login.aspx,Method: btnSign_Click, Login Type Administrator and  Login User   admin
2/16/2014 6:00:10 PM ==> Form:Homepage.aspx,Method:Page_Load,  userid  admin
2/16/2014 6:03:58 PM ==> Form:Homepage.aspx,Method:Page_Load,  userid  admin
2/16/2014 6:05:44 PM ==> Form:Login.aspx,Method: btnSign_Click, Login Type Administrator and  Login User   admin
2/16/2014 6:05:46 PM ==> Form:Homepage.aspx,Method:Page_Load,  userid  admin
