3/16/2014 12:41:22 PM ==> Form:Login.aspx,Method: btnSign_Click, Login Type Administrator and  Login User   admin
3/16/2014 12:41:25 PM ==> Form:Homepage.aspx,Method:Page_Load,  userid  admin
3/16/2014 12:42:19 PM ==> Form:claimsheet.aspx,Class:DBOperation_LETEST.cs,Method:cmdrpt_Click  claimsheet Report  Viewed  useried admin
3/16/2014 12:42:42 PM ==> Form:claimsheet.aspx,Class:DBOperation_LETEST.cs,Method:cmdrpt_Click  claimsheet Report  Viewed  useried admin
3/16/2014 12:43:10 PM ==> Form:claimsheet.aspx,Class:DBOperation_LETEST.cs,Method:cmdrpt_Click  claimsheet Report  Viewed  useried admin
3/16/2014 12:43:31 PM ==> Form:Homepage.aspx,Method:Page_Load,  userid  admin
3/16/2014 12:44:13 PM ==> Form:schemediscountEntry.aspx,Method:dropschid_SelectedIndexChange, Userid= admin
3/16/2014 12:55:05 PM ==> Form:Homepage.aspx,Method:Page_Load,  userid  admin
3/16/2014 12:55:09 PM ==> Form:Homepage.aspx,Method:Page_Load,  userid  admin
3/16/2014 12:59:15 PM ==> Form:Login.aspx,Method: btnSign_Click, Login Type Administrator and  Login User   admin
3/16/2014 12:59:17 PM ==> Form:Homepage.aspx,Method:Page_Load,  userid  admin
3/16/2014 12:59:32 PM ==> Form:claimsheet.aspx,Class:DBOperation_LETEST.cs,Method:cmdrpt_Click  claimsheet Report  Viewed  useried admin
3/16/2014 1:02:55 PM ==> Form:claimsheet.aspx,Class:DBOperation_LETEST.cs,Method:cmdrpt_Click  claimsheet Report  Viewed  useried admin
3/16/2014 1:10:51 PM ==> Form:Login.aspx,Method: btnSign_Click, Login Type Administrator and  Login User   admin
3/16/2014 1:10:56 PM ==> Form:Login.aspx,Method: btnSign_Click, Login Type Administrator and  Login User   admin
3/16/2014 1:11:01 PM ==> Form:Login.aspx,Method: btnSign_Click, Login Type Administrator and  Login User   admin
3/16/2014 1:11:02 PM ==> Form:Homepage.aspx,Method:Page_Load,  userid  admin
3/16/2014 1:11:24 PM ==> Form:claimsheet.aspx,Class:DBOperation_LETEST.cs,Method:cmdrpt_Click  claimsheet Report  Viewed  useried admin
3/16/2014 1:13:21 PM ==> Form:claimsheet.aspx,Class:DBOperation_LETEST.cs,Method:cmdrpt_Click  claimsheet Report  Viewed  useried admin
3/16/2014 1:15:12 PM ==> Form:Homepage.aspx,Method:Page_Load,  userid  admin
3/16/2014 1:16:13 PM ==> Form:Homepage.aspx,Method:Page_Load,  userid  admin
3/16/2014 1:17:12 PM ==> Form:Homepage.aspx,Method:Page_Load,  userid  admin
3/16/2014 1:25:33 PM ==> Form:Login.aspx,Method: btnSign_Click, Login Type Administrator and  Login User   admin
3/16/2014 1:25:35 PM ==> Form:Homepage.aspx,Method:Page_Load,  userid  admin
3/16/2014 1:26:29 PM ==> Form:claimsheet.aspx,Class:DBOperation_LETEST.cs,Method:cmdrpt_Click  claimsheet Report  Viewed  useried admin
3/16/2014 1:28:17 PM ==> Form:Login.aspx,Method: btnSign_Click, Login Type Administrator and  Login User   admin
3/16/2014 1:28:19 PM ==> Form:Homepage.aspx,Method:Page_Load,  userid  admin
3/16/2014 1:28:33 PM ==> Form:claimsheet.aspx,Class:DBOperation_LETEST.cs,Method:cmdrpt_Click  claimsheet Report  Viewed  useried admin
3/16/2014 1:31:43 PM ==> Form:claimsheet.aspx,Class:DBOperation_LETEST.cs,Method:cmdrpt_Click  claimsheet Report  Viewed  useried admin
3/16/2014 1:32:03 PM ==> Form:claimsheet.aspx,Class:DBOperation_LETEST.cs,Method:cmdrpt_Click  claimsheet Report  Viewed  useried admin
3/16/2014 1:33:17 PM ==> Form:Homepage.aspx,Method:Page_Load,  userid  admin
3/16/2014 1:35:42 PM ==> Form:Homepage.aspx,Method:Page_Load,  userid  admin
3/16/2014 1:36:11 PM ==> Form:PurchaseInvoice.aspx,Method:btnSaved_Click,Class:PartiesClass.cs Fuel Purchase Invoise for  Invoice No.2488 ,for Vender Name  IOCL CFA INDOREon Date IOCL CFA INDORE and NetAmount  164811.00  is Saved  userid admin
3/16/2014 1:37:10 PM ==> Form:PurchaseInvoice.aspx,Method:btnSaved_Click,Class:PartiesClass.cs,Method : DropInvoiceNo_SelectedIndexChanged   Purchase Invoise  Updated to    :-Invoice No=2488:1222  userid admin
3/16/2014 1:50:14 PM ==> Form:Login.aspx,Method: btnSign_Click, Login Type Administrator and  Login User   admin
3/16/2014 1:50:16 PM ==> Form:Homepage.aspx,Method:Page_Load,  userid  admin
3/16/2014 1:50:25 PM ==> Form:Homepage.aspx,Method:Page_Load,  userid  admin
3/16/2014 1:50:29 PM ==> Form:PurchaseioclReport.aspx,Method:cmdrpt_Click  EXCEPTION  Input string was not in a correct format.  admin
3/16/2014 1:50:31 PM ==> Form:PurchaseioclReport.aspx,Method:cmdrpt_Click  EXCEPTION  Input string was not in a correct format.  admin
3/16/2014 1:53:45 PM ==> Form:PurchaseioclReport.aspx,Method:cmdrpt_Click  EXCEPTION  Input string was not in a correct format.  admin
3/16/2014 1:56:43 PM ==> Form:PurchaseioclReport.aspx,Method:cmdrpt_Click  EXCEPTION  Input string was not in a correct format.  admin
3/16/2014 2:08:51 PM ==> Form:Login.aspx,Method: btnSign_Click, Login Type Administrator and  Login User   admin
3/16/2014 2:08:56 PM ==> Form:Login.aspx,Method: btnSign_Click, Login Type Administrator and  Login User   admin
3/16/2014 2:08:58 PM ==> Form:Homepage.aspx,Method:Page_Load,  userid  admin
3/16/2014 2:12:55 PM ==> Form:Login.aspx,Method: btnSign_Click, Login Type Administrator and  Login User   admin
3/16/2014 2:12:58 PM ==> Form:Homepage.aspx,Method:Page_Load,  userid  admin
3/16/2014 2:13:20 PM ==> Form:claimsheet.aspx,Class:DBOperation_LETEST.cs,Method:cmdrpt_Click  claimsheet Report  Viewed  useried admin
3/16/2014 2:14:29 PM ==> Form:Login.aspx,Method: btnSign_Click, Login Type Administrator and  Login User   admin
3/16/2014 2:14:31 PM ==> Form:Homepage.aspx,Method:Page_Load,  userid  admin
3/16/2014 2:14:57 PM ==> Form:Homepage.aspx,Method:Page_Load,  userid  admin
3/16/2014 2:15:13 PM ==> Form:claimsheet.aspx,Class:DBOperation_LETEST.cs,Method:cmdrpt_Click  claimsheet Report  Viewed  useried admin
3/16/2014 2:15:36 PM ==> Form:Homepage.aspx,Method:Page_Load,  userid  admin
3/16/2014 2:28:41 PM ==> Form:Login.aspx,Method: btnSign_Click, Login Type Administrator and  Login User   admin
3/16/2014 2:28:43 PM ==> Form:Homepage.aspx,Method:Page_Load,  userid  admin
3/16/2014 2:31:11 PM ==> Form:Homepage.aspx,Method:Page_Load,  userid  admin
3/16/2014 2:31:13 PM ==> Form:Homepage.aspx,Method:Page_Load,  userid  admin
3/16/2014 2:31:13 PM ==> Form:Homepage.aspx,Method:Page_Load,  userid  admin
3/16/2014 2:31:13 PM ==> Form:Homepage.aspx,Method:Page_Load,  userid  admin
3/16/2014 2:31:13 PM ==> Form:Homepage.aspx,Method:Page_Load,  userid  admin
3/16/2014 2:31:14 PM ==> Form:Homepage.aspx,Method:Page_Load,  userid  admin
3/16/2014 2:32:41 PM ==> Form:Customer_Updates.aspx,Class:PartiesClass.cs: Method:btnUpdate_Click  Recored of  - Cust Name  Uppal Motor Cust id  2213   IS   UPDATED   User Type admin
3/16/2014 2:33:45 PM ==> Form:Customer_Updates.aspx,Class:PartiesClass.cs: Method:btnUpdate_Click  Recored of  - Cust Name  Uppal Motor Cust id  2213   IS   UPDATED   User Type admin
3/16/2014 2:34:32 PM ==> Form:Customer_Updates.aspx,Class:PartiesClass.cs: Method:btnUpdate_Click  Recored of  - Cust Name  Uppal Motor Cust id  2213   IS   UPDATED   User Type admin
3/16/2014 2:36:15 PM ==> Form:Login.aspx,Method: btnSign_Click, Login Type Administrator and  Login User   admin
3/16/2014 2:36:17 PM ==> Form:Homepage.aspx,Method:Page_Load,  userid  admin
3/16/2014 2:36:41 PM ==> Form:Customer_Updates.aspx,Class:PartiesClass.cs: Method:btnUpdate_Click  Recored of  - Cust Name  Uppal Motor Cust id  2213   IS   UPDATED   User Type admin
3/16/2014 2:37:20 PM ==> Form:Customer_Updates.aspx,Class:PartiesClass.cs: Method:btnUpdate_Click  Recored of  - Cust Name  Farid Auto Cust id  2287   IS   UPDATED   User Type admin
3/16/2014 2:37:30 PM ==> Form:Homepage.aspx,Method:Page_Load,  userid  admin
