21-06-2017 11:38:08 ==> Form:Login.aspx,Method: btnSign_Click, Login Type Administrator and  Login User   admin
21-06-2017 11:38:10 ==> Form:Homepage.aspx,Method:Page_Load,  userid  admin
21-06-2017 11:38:58 ==> Form:Login.aspx,Method: btnSign_Click, Login Type Administrator and  Login User   admin
21-06-2017 11:38:59 ==> Form:Homepage.aspx,Method:Page_Load,  userid  admin
21-06-2017 11:39:23 ==> Form:OrganisationDetails.aspx,Class:InventoryClass.cs ,Method:btnupdate_click  admin
21-06-2017 11:39:53 ==> Form:OrganisationDetails.aspx,Class:InventoryClass.cs ,Method:btnupdate_click  admin
21-06-2017 11:39:54 ==> Form:OrganisationDetails.aspx,Class:EmployeeClass.cs ,Method:saveImage(). Organisation Details Saved. User_ID: admin
21-06-2017 11:43:41 ==> Form:Login.aspx,Method: btnSign_Click, Login Type Administrator and  Login User   admin
21-06-2017 11:43:42 ==> Form:Homepage.aspx,Method:Page_Load,  userid  admin
21-06-2017 11:44:17 ==> Form:OrganisationDetails.aspx,Class:InventoryClass.cs ,Method:btnupdate_click  admin
21-06-2017 11:44:17 ==> Form:OrganisationDetails.aspx,Class:EmployeeClass.cs ,Method:saveImage(). Organisation Details Saved. User_ID: admin
21-06-2017 11:45:01 ==> Form:OrganisationDetails.aspx,Class:InventoryClass.cs ,Method:btnupdate_click  admin
21-06-2017 11:45:08 ==> Form:OrganisationDetails.aspx,Class:InventoryClass.cs ,Method:btnupdate_click  admin
21-06-2017 11:46:02 ==> Form:OrganisationDetails.aspx,Class:InventoryClass.cs ,Method:btnupdate_click  admin
21-06-2017 11:49:34 ==> Form:OrganisationDetails.aspx,Class:InventoryClass.cs ,Method:Drop_SelectedIndexChanged(). EXCEPTION: Index was outside the bounds of the array..   userid admin
21-06-2017 11:49:36 ==> Form:OrganisationDetails.aspx,Class:InventoryClass.cs ,Method:btnupdate_click  admin
21-06-2017 11:49:42 ==> Form:OrganisationDetails.aspx,Class:InventoryClass.cs ,Method:btnupdate_click  admin
21-06-2017 11:50:57 ==> Form:OrganisationDetails.aspx,Class:InventoryClass.cs ,Method:btnupdate_click  admin
21-06-2017 11:51:03 ==> Form:OrganisationDetails.aspx,Class:InventoryClass.cs ,Method:btnupdate_click  admin
21-06-2017 11:52:49 ==> Form:OrganisationDetails.aspx,Class:InventoryClass.cs ,Method:btnupdate_click  admin
21-06-2017 11:52:57 ==> Form:OrganisationDetails.aspx,Class:InventoryClass.cs ,Method:btnupdate_click  admin
21-06-2017 11:56:27 ==> Form:OrganisationDetails.aspx,Class:InventoryClass.cs ,Method:btnupdate_click  admin
21-06-2017 11:56:39 ==> Form:OrganisationDetails.aspx,Class:InventoryClass.cs ,Method:btnupdate_click  admin
21-06-2017 11:56:39 ==> Form:OrganisationDetails.aspx,Class:EmployeeClass.cs ,Method:saveImage(). Organisation Details Saved. User_ID: admin
21-06-2017 11:56:44 ==> Form:OrganisationDetails.aspx,Class:InventoryClass.cs ,Method:btnupdate_click  admin
21-06-2017 11:56:54 ==> Form:OrganisationDetails.aspx,Class:InventoryClass.cs ,Method:btnupdate_click  admin
21-06-2017 11:58:52 ==> Form:OrganisationDetails.aspx,Class:InventoryClass.cs ,Method:page_loadObject reference not set to an instance of an object.  EXCEPTION  
21-06-2017 11:58:59 ==> Form:Login.aspx,Method: btnSign_Click, Login Type Administrator and  Login User   admin
21-06-2017 11:59:00 ==> Form:Homepage.aspx,Method:Page_Load,  userid  admin
21-06-2017 11:59:28 ==> Form:OrganisationDetails.aspx,Class:InventoryClass.cs ,Method:btnupdate_click  admin
21-06-2017 11:59:28 ==> Form:OrganisationDetails.aspx,Class:EmployeeClass.cs ,Method:saveImage(). Organisation Details Saved. User_ID: admin
21-06-2017 12:00:24 ==> Form:OrganisationDetails.aspx,Class:InventoryClass.cs ,Method:Drop_SelectedIndexChanged(). EXCEPTION: Index was outside the bounds of the array..   userid admin
21-06-2017 12:00:46 ==> Form:OrganisationDetails.aspx,Class:InventoryClass.cs ,Method:page_loadObject reference not set to an instance of an object.  EXCEPTION  
21-06-2017 12:00:57 ==> Form:Login.aspx,Method: btnSign_Click, Login Type Administrator and  Login User   admin
21-06-2017 12:01:04 ==> Form:Homepage.aspx,Method:Page_Load,  userid  admin
21-06-2017 12:01:53 ==> Form:OrganisationDetails.aspx,Class:InventoryClass.cs ,Method:btnupdate_click  admin
21-06-2017 12:01:53 ==> Form:OrganisationDetails.aspx,Class:EmployeeClass.cs ,Method:saveImage(). Organisation Details Saved. User_ID: admin
21-06-2017 12:02:13 ==> Form:OrganisationDetails.aspx,Class:InventoryClass.cs ,Method:btnupdate_click  admin
21-06-2017 12:02:23 ==> Form:OrganisationDetails.aspx,Class:InventoryClass.cs ,Method:btnupdate_click  admin
21-06-2017 12:03:14 ==> Form:OrganisationDetails.aspx,Class:InventoryClass.cs ,Method:btnupdate_click  admin
21-06-2017 12:03:46 ==> Form:OrganisationDetails.aspx,Class:InventoryClass.cs ,Method:btnupdate_click  admin
21-06-2017 12:04:12 ==> Form:OrganisationDetails.aspx,Class:InventoryClass.cs ,Method:btnupdate_click  admin
21-06-2017 12:08:16 ==> Form:OrganisationDetails.aspx,Class:InventoryClass.cs ,Method:btnupdate_click  admin
21-06-2017 12:08:47 ==> Form:OrganisationDetails.aspx,Class:InventoryClass.cs ,Method:btnupdate_click  admin
21-06-2017 12:09:02 ==> Form:OrganisationDetails.aspx,Class:InventoryClass.cs ,Method:btnupdate_click  admin
21-06-2017 12:09:21 ==> Form:OrganisationDetails.aspx,Class:InventoryClass.cs ,Method:btnupdate_click  admin
21-06-2017 12:09:24 ==> Form:OrganisationDetails.aspx,Class:InventoryClass.cs ,Method:btnupdate_click  admin
21-06-2017 12:09:39 ==> Form:OrganisationDetails.aspx,Class:InventoryClass.cs ,Method:btnupdate_click  admin
21-06-2017 12:16:43 ==> Form:OrganisationDetails.aspx,Class:InventoryClass.cs ,Method:page_loadObject reference not set to an instance of an object.  EXCEPTION  
21-06-2017 12:16:57 ==> Form:Login.aspx,Method: btnSign_Click, Login Type Administrator and  Login User   admin
21-06-2017 12:16:58 ==> Form:Homepage.aspx,Method:Page_Load,  userid  admin
21-06-2017 12:17:21 ==> Form:OrganisationDetails.aspx,Class:InventoryClass.cs ,Method:btnupdate_click  admin
21-06-2017 12:17:23 ==> Form:OrganisationDetails.aspx,Class:EmployeeClass.cs ,Method:saveImage(). Organisation Details Saved. User_ID: admin
21-06-2017 12:18:37 ==> Form:OrganisationDetails.aspx,Class:InventoryClass.cs ,Method:page_loadObject reference not set to an instance of an object.  EXCEPTION  
21-06-2017 12:18:46 ==> Form:Login.aspx,Method: btnSign_Click, Login Type Administrator and  Login User   admin
21-06-2017 12:18:47 ==> Form:Homepage.aspx,Method:Page_Load,  userid  admin
21-06-2017 12:18:57 ==> Form:OrganisationDetails.aspx,Class:InventoryClass.cs ,Method:btnupdate_click  admin
21-06-2017 12:18:57 ==> Form:OrganisationDetails.aspx,Class:EmployeeClass.cs ,Method:saveImage(). Organisation Details Saved. User_ID: admin
21-06-2017 12:19:19 ==> Form:OrganisationDetails.aspx,Class:InventoryClass.cs ,Method:btnupdate_click  admin
21-06-2017 12:19:29 ==> Form:OrganisationDetails.aspx,Class:InventoryClass.cs ,Method:btnupdate_click  admin
21-06-2017 12:19:36 ==> Form:OrganisationDetails.aspx,Class:InventoryClass.cs ,Method:btnupdate_click  admin
21-06-2017 12:21:34 ==> Form:Privileges.aspx,Method:Page_load   EXCEPTION:  Object reference not set to an instance of an object. userid  
21-06-2017 12:21:45 ==> Form:Login.aspx,Method: btnSign_Click, Login Type Administrator and  Login User   admin
21-06-2017 12:21:46 ==> Form:Homepage.aspx,Method:Page_Load,  userid  admin
21-06-2017 12:22:01 ==> Form:OrganisationDetails.aspx,Class:InventoryClass.cs ,Method:btnupdate_click  admin
21-06-2017 12:22:03 ==> Form:OrganisationDetails.aspx,Class:EmployeeClass.cs ,Method:saveImage(). Organisation Details Saved. User_ID: admin
21-06-2017 12:22:10 ==> Form:OrganisationDetails.aspx,Class:InventoryClass.cs ,Method:btnupdate_click  admin
21-06-2017 12:22:17 ==> Form:OrganisationDetails.aspx,Class:InventoryClass.cs ,Method:btnupdate_click  admin
21-06-2017 12:22:24 ==> Form:OrganisationDetails.aspx,Class:InventoryClass.cs ,Method:btnupdate_click  admin
21-06-2017 12:32:22 ==> Form:OrganisationDetails.aspx,Class:InventoryClass.cs ,Method:btnupdate_click  admin
21-06-2017 12:36:06 ==> Form:OrganisationDetails.aspx,Class:InventoryClass.cs ,Method:btnupdate_click  admin
21-06-2017 12:36:22 ==> Form:OrganisationDetails.aspx,Class:InventoryClass.cs ,Method:btnupdate_click  admin
21-06-2017 12:39:13 ==> Form:OrganisationDetails.aspx,Class:InventoryClass.cs ,Method:page_loadObject reference not set to an instance of an object.  EXCEPTION  
21-06-2017 12:39:21 ==> Form:Login.aspx,Method: btnSign_Click, Login Type Administrator and  Login User   admin
21-06-2017 12:39:22 ==> Form:Homepage.aspx,Method:Page_Load,  userid  admin
21-06-2017 12:40:59 ==> Form:OrganisationDetails.aspx,Class:InventoryClass.cs ,Method:page_loadObject reference not set to an instance of an object.  EXCEPTION  
21-06-2017 12:41:20 ==> Form:Login.aspx,Method: btnSign_Click, Login Type Administrator and  Login User   admin
21-06-2017 12:41:21 ==> Form:Homepage.aspx,Method:Page_Load,  userid  admin
21-06-2017 12:50:57 ==> Form:OrganisationDetails.aspx,Class:InventoryClass.cs ,Method:page_loadObject reference not set to an instance of an object.  EXCEPTION  
21-06-2017 12:51:13 ==> Form:Login.aspx,Method: btnSign_Click, Login Type Administrator and  Login User   admin
21-06-2017 12:51:14 ==> Form:Homepage.aspx,Method:Page_Load,  userid  admin
21-06-2017 12:53:15 ==> Form:OrganisationDetails.aspx,Class:InventoryClass.cs ,Method:btnupdate_click  admin
21-06-2017 12:53:20 ==> Form:OrganisationDetails.aspx,Class:InventoryClass.cs ,Method:btnupdate_click  admin
21-06-2017 12:53:28 ==> Form:OrganisationDetails.aspx,Class:EmployeeClass.cs ,Method:saveImage(). Organisation Details Saved. User_ID: admin
21-06-2017 12:53:39 ==> Form:OrganisationDetails.aspx,Class:InventoryClass.cs ,Method:btnupdate_click  admin
21-06-2017 12:53:52 ==> Form:OrganisationDetails.aspx,Class:InventoryClass.cs ,Method:btnupdate_click  admin
21-06-2017 12:53:56 ==> Form:OrganisationDetails.aspx,Class:EmployeeClass.cs ,Method:saveImage(). Organisation Details Saved. User_ID: admin
21-06-2017 12:54:06 ==> Form:OrganisationDetails.aspx,Class:InventoryClass.cs ,Method:btnupdate_click  admin
21-06-2017 12:54:20 ==> Form:OrganisationDetails.aspx,Class:InventoryClass.cs ,Method:btnupdate_click  admin
21-06-2017 12:54:21 ==> Form:OrganisationDetails.aspx,Class:EmployeeClass.cs ,Method:saveImage(). Organisation Details Saved. User_ID: admin
21-06-2017 12:54:31 ==> Form:OrganisationDetails.aspx,Class:InventoryClass.cs ,Method:btnupdate_click  admin
21-06-2017 12:54:49 ==> Form:OrganisationDetails.aspx,Class:InventoryClass.cs ,Method:btnupdate_click  admin
21-06-2017 12:54:52 ==> Form:OrganisationDetails.aspx,Class:EmployeeClass.cs ,Method:saveImage(). Organisation Details Saved. User_ID: admin
21-06-2017 12:55:02 ==> Form:OrganisationDetails.aspx,Class:InventoryClass.cs ,Method:btnupdate_click  admin
21-06-2017 12:55:25 ==> Form:OrganisationDetails.aspx,Class:InventoryClass.cs ,Method:btnupdate_click  admin
21-06-2017 12:55:30 ==> Form:OrganisationDetails.aspx,Class:EmployeeClass.cs ,Method:saveImage(). Organisation Details Saved. User_ID: admin
21-06-2017 13:10:54 ==> Form:OrganisationDetails.aspx,Class:InventoryClass.cs ,Method:page_loadObject reference not set to an instance of an object.  EXCEPTION  
21-06-2017 13:11:31 ==> Form:Login.aspx,Method: btnSign_Click, Login Type Administrator and  Login User   admin
21-06-2017 13:11:32 ==> Form:Homepage.aspx,Method:Page_Load,  userid  admin
21-06-2017 13:12:38 ==> Form:OrganisationDetails.aspx,Class:InventoryClass.cs ,Method:page_loadObject reference not set to an instance of an object.  EXCEPTION  
21-06-2017 13:12:49 ==> Form:Login.aspx,Method: btnSign_Click, Login Type Administrator and  Login User   admin
21-06-2017 13:12:50 ==> Form:Homepage.aspx,Method:Page_Load,  userid  admin
21-06-2017 13:14:49 ==> Form:OrganisationDetails.aspx,Class:InventoryClass.cs ,Method:page_loadObject reference not set to an instance of an object.  EXCEPTION  
21-06-2017 13:15:07 ==> Form:Login.aspx,Method: btnSign_Click, Login Type Administrator and  Login User   admin
21-06-2017 13:15:08 ==> Form:Homepage.aspx,Method:Page_Load,  userid  admin
21-06-2017 13:37:07 ==> Form:Login.aspx,Method: btnSign_Click, Login Type Administrator and  Login User   admin
21-06-2017 13:37:09 ==> Form:Homepage.aspx,Method:Page_Load,  userid  admin
21-06-2017 13:38:57 ==> Form:OrganisationDetails.aspx,Class:InventoryClass.cs ,Method:btnupdate_click  admin
21-06-2017 13:38:57 ==> Form:OrganisationDetails.aspx,Class:EmployeeClass.cs ,Method:saveImage(). Organisation Details Saved. User_ID: admin
21-06-2017 13:40:53 ==> Form:OrganisationDetails.aspx,Class:InventoryClass.cs ,Method:page_loadObject reference not set to an instance of an object.  EXCEPTION  
21-06-2017 13:41:09 ==> Form:Login.aspx,Method: btnSign_Click, Login Type Administrator and  Login User   admin
21-06-2017 13:41:10 ==> Form:Homepage.aspx,Method:Page_Load,  userid  admin
21-06-2017 13:44:35 ==> Form:OrganisationDetails.aspx,Class:InventoryClass.cs ,Method:page_loadObject reference not set to an instance of an object.  EXCEPTION  
21-06-2017 13:46:05 ==> Form:OrganisationDetails.aspx,Class:InventoryClass.cs ,Method:page_loadObject reference not set to an instance of an object.  EXCEPTION  
21-06-2017 13:46:17 ==> Form:Login.aspx,Method: btnSign_Click, Login Type Administrator and  Login User   admin
21-06-2017 13:46:18 ==> Form:Homepage.aspx,Method:Page_Load,  userid  admin
21-06-2017 14:04:43 ==> Form:OrganisationDetails.aspx,Class:InventoryClass.cs ,Method:page_loadObject reference not set to an instance of an object.  EXCEPTION  
21-06-2017 14:05:02 ==> Form:Login.aspx,Method: btnSign_Click, Login Type Administrator and  Login User   admin
21-06-2017 14:05:03 ==> Form:Homepage.aspx,Method:Page_Load,  userid  admin
21-06-2017 14:05:18 ==> Form:OrganisationDetails.aspx,Class:InventoryClass.cs ,Method:btnupdate_click  admin
21-06-2017 14:05:24 ==> Form:OrganisationDetails.aspx,Class:EmployeeClass.cs ,Method:saveImage(). Organisation Details Saved. User_ID: admin
21-06-2017 14:05:39 ==> Form:OrganisationDetails.aspx,Class:InventoryClass.cs ,Method:btnupdate_click  admin
21-06-2017 14:05:53 ==> Form:OrganisationDetails.aspx,Class:EmployeeClass.cs ,Method:saveImage(). Organisation Details Saved. User_ID: admin
21-06-2017 14:06:12 ==> Form:OrganisationDetails.aspx,Class:InventoryClass.cs ,Method:btnupdate_click  admin
21-06-2017 14:06:17 ==> Form:OrganisationDetails.aspx,Class:EmployeeClass.cs ,Method:saveImage(). Organisation Details Saved. User_ID: admin
21-06-2017 14:06:41 ==> Form:OrganisationDetails.aspx,Class:InventoryClass.cs ,Method:page_loadObject reference not set to an instance of an object.  EXCEPTION  
21-06-2017 14:06:53 ==> Form:Login.aspx,Method: btnSign_Click, Login Type Administrator and  Login User   admin
21-06-2017 14:06:54 ==> Form:Homepage.aspx,Method:Page_Load,  userid  admin
21-06-2017 14:07:08 ==> Form:OrganisationDetails.aspx,Class:InventoryClass.cs ,Method:btnupdate_click  admin
21-06-2017 14:07:19 ==> Form:OrganisationDetails.aspx,Class:EmployeeClass.cs ,Method:saveImage(). Organisation Details Saved. User_ID: admin
21-06-2017 14:07:29 ==> Form:OrganisationDetails.aspx,Class:InventoryClass.cs ,Method:btnupdate_click  admin
21-06-2017 14:09:17 ==> Form:OrganisationDetails.aspx,Class:InventoryClass.cs ,Method:page_loadObject reference not set to an instance of an object.  EXCEPTION  
21-06-2017 14:09:29 ==> Form:Login.aspx,Method: btnSign_Click, Login Type Administrator and  Login User   admin
21-06-2017 14:09:30 ==> Form:Homepage.aspx,Method:Page_Load,  userid  admin
21-06-2017 14:09:49 ==> Form:OrganisationDetails.aspx,Class:InventoryClass.cs ,Method:btnupdate_click  admin
21-06-2017 14:10:13 ==> Form:OrganisationDetails.aspx,Class:EmployeeClass.cs ,Method:saveImage(). Organisation Details Saved. User_ID: admin
21-06-2017 14:16:35 ==> Form:OrganisationDetails.aspx,Class:InventoryClass.cs ,Method:page_loadObject reference not set to an instance of an object.  EXCEPTION  
21-06-2017 14:16:48 ==> Form:Login.aspx,Method: btnSign_Click, Login Type Administrator and  Login User   admin
21-06-2017 14:16:49 ==> Form:Homepage.aspx,Method:Page_Load,  userid  admin
21-06-2017 14:17:02 ==> Form:OrganisationDetails.aspx,Class:InventoryClass.cs ,Method:btnupdate_click  admin
21-06-2017 14:17:03 ==> Form:OrganisationDetails.aspx,Class:EmployeeClass.cs ,Method:saveImage(). Organisation Details Saved. User_ID: admin
21-06-2017 14:17:10 ==> Form:OrganisationDetails.aspx,Class:InventoryClass.cs ,Method:btnupdate_click  admin
21-06-2017 14:17:17 ==> Form:OrganisationDetails.aspx,Class:InventoryClass.cs ,Method:btnupdate_click  admin
21-06-2017 14:17:17 ==> Form:OrganisationDetails.aspx,Class:InventoryClass.cs ,Method:btnupdate_clickIndex was outside the bounds of the array.  EXCEPTION  admin
21-06-2017 14:17:27 ==> Form:OrganisationDetails.aspx,Class:InventoryClass.cs ,Method:btnupdate_click  admin
21-06-2017 14:17:37 ==> Form:OrganisationDetails.aspx,Class:InventoryClass.cs ,Method:btnupdate_clickIndex was outside the bounds of the array.  EXCEPTION  admin
21-06-2017 14:18:20 ==> Form:OrganisationDetails.aspx,Class:InventoryClass.cs ,Method:page_loadObject reference not set to an instance of an object.  EXCEPTION  
21-06-2017 14:18:34 ==> Form:Login.aspx,Method: btnSign_Click, Login Type Administrator and  Login User   admin
21-06-2017 14:18:36 ==> Form:Homepage.aspx,Method:Page_Load,  userid  admin
21-06-2017 14:19:10 ==> Form:OrganisationDetails.aspx,Class:InventoryClass.cs ,Method:btnupdate_click  admin
21-06-2017 14:19:22 ==> Form:OrganisationDetails.aspx,Class:InventoryClass.cs ,Method:btnupdate_click  admin
21-06-2017 14:19:28 ==> Form:OrganisationDetails.aspx,Class:InventoryClass.cs ,Method:btnupdate_click  admin
21-06-2017 14:19:29 ==> Form:OrganisationDetails.aspx,Class:EmployeeClass.cs ,Method:saveImage(). Organisation Details Saved. User_ID: admin
21-06-2017 14:19:42 ==> Form:OrganisationDetails.aspx,Class:InventoryClass.cs ,Method:btnupdate_click  admin
21-06-2017 14:19:54 ==> Form:OrganisationDetails.aspx,Class:InventoryClass.cs ,Method:btnupdate_click  admin
21-06-2017 14:19:55 ==> Form:OrganisationDetails.aspx,Class:EmployeeClass.cs ,Method:saveImage(). Organisation Details Saved. User_ID: admin
21-06-2017 14:25:12 ==> Form:OrganisationDetails.aspx,Class:InventoryClass.cs ,Method:btnupdate_click  admin
21-06-2017 14:25:17 ==> Form:OrganisationDetails.aspx,Class:InventoryClass.cs ,Method:btnupdate_click  admin
21-06-2017 14:25:23 ==> Form:OrganisationDetails.aspx,Class:InventoryClass.cs ,Method:btnupdate_click  admin
21-06-2017 14:25:23 ==> Form:OrganisationDetails.aspx,Class:EmployeeClass.cs ,Method:saveImage(). Organisation Details Saved. User_ID: admin
21-06-2017 15:06:08 ==> Form:OrganisationDetails.aspx,Class:InventoryClass.cs ,Method:page_loadObject reference not set to an instance of an object.  EXCEPTION  
21-06-2017 15:06:08 ==> Form:OrganisationDetails.aspx,Class:InventoryClass.cs ,Method:btnupdate_click  
21-06-2017 15:06:29 ==> Form:Login.aspx,Method: btnSign_Click, Login Type Administrator and  Login User   admin
21-06-2017 15:06:30 ==> Form:Homepage.aspx,Method:Page_Load,  userid  admin
21-06-2017 15:29:47 ==> Form:OrganisationDetails.aspx,Class:InventoryClass.cs ,Method:page_loadObject reference not set to an instance of an object.  EXCEPTION  
21-06-2017 15:29:56 ==> Form:Login.aspx,Method: btnSign_Click, Login Type Administrator and  Login User   admin
21-06-2017 15:29:57 ==> Form:Homepage.aspx,Method:Page_Load,  userid  admin
21-06-2017 15:30:15 ==> Form:OrganisationDetails.aspx,Class:InventoryClass.cs ,Method:btnupdate_click  admin
21-06-2017 15:30:15 ==> Form:OrganisationDetails.aspx,Class:EmployeeClass.cs ,Method:saveImage(). Organisation Details Saved. User_ID: admin
21-06-2017 15:30:24 ==> Form:OrganisationDetails.aspx,Class:InventoryClass.cs ,Method:btnupdate_click  admin
21-06-2017 15:30:28 ==> Form:OrganisationDetails.aspx,Class:InventoryClass.cs ,Method:btnupdate_click  admin
21-06-2017 15:30:36 ==> Form:OrganisationDetails.aspx,Class:InventoryClass.cs ,Method:btnupdate_click  admin
21-06-2017 15:30:36 ==> Form:OrganisationDetails.aspx,Class:EmployeeClass.cs ,Method:saveImage(). Organisation Details Saved. User_ID: admin
21-06-2017 15:33:41 ==> Form:Login.aspx,Method: btnSign_Click, Login Type Administrator and  Login User   admin
21-06-2017 15:33:42 ==> Form:Homepage.aspx,Method:Page_Load,  userid  admin
21-06-2017 15:35:17 ==> Form:Login.aspx,Method: btnSign_Click, Login Type Administrator and  Login User   admin
21-06-2017 15:35:19 ==> Form:Homepage.aspx,Method:Page_Load,  userid  admin
21-06-2017 15:36:04 ==> Form:Login.aspx,Method: btnSign_Click, Login Type Administrator and  Login User   admin
21-06-2017 15:36:05 ==> Form:Homepage.aspx,Method:Page_Load,  userid  admin
21-06-2017 15:37:11 ==> Form:Login.aspx,Method: btnSign_Click, Login Type Administrator and  Login User   admin
21-06-2017 15:37:13 ==> Form:Homepage.aspx,Method:Page_Load,  userid  admin
21-06-2017 15:37:36 ==> Form:Ledger Creation,Method:btnSave_Click New Ledger of name test Saved.  User: admin
21-06-2017 15:40:48 ==> Form:Login.aspx,Method: btnSign_Click, Login Type Administrator and  Login User   admin
21-06-2017 15:40:49 ==> Form:Homepage.aspx,Method:Page_Load,  userid  admin
21-06-2017 15:44:52 ==> Form:Ledger Creation,Method:btnEdit_Click Ledger  ID 1006 of A Pandey Tractor Parts Updated.  User: admin
21-06-2017 15:47:42 ==> Form:Login.aspx,Method: btnSign_Click, Login Type Administrator and  Login User   admin
21-06-2017 15:47:43 ==> Form:Homepage.aspx,Method:Page_Load,  userid  admin
21-06-2017 15:47:51 ==> Form:OrganisationDetails.aspx,Class:InventoryClass.cs ,Method:btnupdate_click  admin
21-06-2017 15:47:58 ==> Form:OrganisationDetails.aspx,Class:InventoryClass.cs ,Method:btnupdate_click  admin
21-06-2017 15:47:58 ==> Form:OrganisationDetails.aspx,Class:EmployeeClass.cs ,Method:saveImage(). Organisation Details Saved. User_ID: admin
